<?xml version="1.0" encoding="UTF-8"?>
<!-- Generated by org.testng.reporters.JUnitReportReporter -->
<testsuite hostname="Voronoy" failures="0" tests="1" name="LoginTestCases.CorrectUserName" time="6.307" errors="0" timestamp="2023-09-10T01:03:50 IST" skipped="0">
  <testcase classname="LoginTestCases.CorrectUserName" name="loginWithCorrectUserName" time="6.307"/>
</testsuite> <!-- LoginTestCases.CorrectUserName -->
