<?xml version="1.0" encoding="UTF-8"?>
<!-- Generated by org.testng.reporters.JUnitReportReporter -->
<testsuite hostname="Voronoy" failures="0" tests="4" name="LoginTestCases.Loginusingjxl" time="7.916" errors="0" timestamp="2023-09-10T23:21:21 IST" skipped="0">
  <testcase classname="LoginTestCases.Loginusingjxl" name="loginCheck" time="0.787"/>
  <testcase classname="LoginTestCases.Loginusingjxl" name="loginCheck" time="2.023"/>
  <testcase classname="LoginTestCases.Loginusingjxl" name="loginCheck" time="0.830"/>
  <testcase classname="LoginTestCases.Loginusingjxl" name="loginCheck" time="4.276"/>
</testsuite> <!-- LoginTestCases.Loginusingjxl -->
