<?xml version="1.0" encoding="UTF-8"?>
<!-- Generated by org.testng.reporters.JUnitReportReporter -->
<testsuite hostname="Voronoy" failures="0" tests="4" name="LoginTestCases.LoginUsingApachePoiWithTestNG" time="7.285" errors="0" timestamp="2023-09-11T21:00:19 IST" skipped="0">
  <testcase classname="LoginTestCases.LoginUsingApachePoiWithTestNG" name="loginTest" time="0.795"/>
  <testcase classname="LoginTestCases.LoginUsingApachePoiWithTestNG" name="loginTest" time="2.090"/>
  <testcase classname="LoginTestCases.LoginUsingApachePoiWithTestNG" name="loginTest" time="0.854"/>
  <testcase classname="LoginTestCases.LoginUsingApachePoiWithTestNG" name="loginTest" time="3.546"/>
</testsuite> <!-- LoginTestCases.LoginUsingApachePoiWithTestNG -->
