<?xml version="1.0" encoding="UTF-8"?>
<!-- Generated by org.testng.reporters.JUnitReportReporter -->
<testsuite hostname="Voronoy" failures="0" tests="1" name="LoginTestCases.CorrectPassword" time="4.287" errors="0" timestamp="2023-09-10T01:03:50 IST" skipped="0">
  <testcase classname="LoginTestCases.CorrectPassword" name="loginWithCorrectPassword" time="4.287"/>
</testsuite> <!-- LoginTestCases.CorrectPassword -->
