<?xml version="1.0" encoding="UTF-8"?>
<!-- Generated by org.testng.reporters.JUnitReportReporter -->
<testsuite hostname="Voronoy" failures="0" tests="1" name="LoginTestCases.BothCorrect" time="7.537" errors="0" timestamp="2023-09-10T01:03:50 IST" skipped="0">
  <testcase classname="LoginTestCases.BothCorrect" name="loginWithBothCorrect" time="7.537"/>
</testsuite> <!-- LoginTestCases.BothCorrect -->
