<?xml version="1.0" encoding="UTF-8"?>
<!-- Generated by org.testng.reporters.JUnitReportReporter -->
<testsuite hostname="Voronoy" failures="0" tests="4" name="LoginTestCases.Login" time="23.389" errors="0" timestamp="2023-09-11T02:15:49 IST" skipped="0">
  <testcase classname="LoginTestCases.Login" name="loginCheck" time="4.328"/>
  <testcase classname="LoginTestCases.Login" name="loginCheck" time="4.657"/>
  <testcase classname="LoginTestCases.Login" name="loginCheck" time="8.556"/>
  <testcase classname="LoginTestCases.Login" name="loginCheck" time="5.848"/>
</testsuite> <!-- LoginTestCases.Login -->
