<?xml version="1.0" encoding="UTF-8"?>
<!-- Generated by org.testng.reporters.JUnitReportReporter -->
<testsuite hostname="Voronoy" failures="0" tests="1" name="LoginTestCases.TestLogin" time="12.940" errors="0" timestamp="2023-09-11T22:55:50 IST" skipped="0">
  <testcase classname="LoginTestCases.TestLogin" name="hrmLogin" time="12.940"/>
</testsuite> <!-- LoginTestCases.TestLogin -->
